{"/home/fabricio/Downloads/js-capstone/src/api/api.js": {"path":"/home/fabricio/Downloads/js-capstone/src/api/api.js","statementMap":{"0":{"start":{"line":1,"column":21},"end":{"line":1,"column":66}},"1":{"start":{"line":2,"column":26},"end":{"line":2,"column":99}},"2":{"start":{"line":3,"column":14},"end":{"line":3,"column":36}},"3":{"start":{"line":6,"column":19},"end":{"line":6,"column":44}},"4":{"start":{"line":7,"column":15},"end":{"line":7,"column":36}},"5":{"start":{"line":8,"column":2},"end":{"line":8,"column":14}},"6":{"start":{"line":11,"column":21},"end":{"line":26,"column":1}},"7":{"start":{"line":13,"column":21},"end":{"line":23,"column":4}},"8":{"start":{"line":24,"column":2},"end":{"line":24,"column":22}},"9":{"start":{"line":25,"column":2},"end":{"line":25,"column":21}},"10":{"start":{"line":28,"column":20},"end":{"line":31,"column":1}},"11":{"start":{"line":29,"column":23},"end":{"line":29,"column":93}},"12":{"start":{"line":30,"column":2},"end":{"line":30,"column":29}},"13":{"start":{"line":34,"column":19},"end":{"line":42,"column":4}},"14":{"start":{"line":43,"column":17},"end":{"line":43,"column":38}},"15":{"start":{"line":44,"column":2},"end":{"line":44,"column":16}},"16":{"start":{"line":48,"column":21},"end":{"line":50,"column":25}},"17":{"start":{"line":49,"column":24},"end":{"line":49,"column":39}},"18":{"start":{"line":50,"column":20},"end":{"line":50,"column":24}},"19":{"start":{"line":52,"column":21},"end":{"line":52,"column":86}},"20":{"start":{"line":53,"column":26},"end":{"line":53,"column":48}},"21":{"start":{"line":55,"column":2},"end":{"line":63,"column":5}},"22":{"start":{"line":56,"column":19},"end":{"line":56,"column":45}},"23":{"start":{"line":57,"column":24},"end":{"line":57,"column":31}},"24":{"start":{"line":58,"column":4},"end":{"line":62,"column":7}},"25":{"start":{"line":59,"column":6},"end":{"line":61,"column":7}},"26":{"start":{"line":60,"column":8},"end":{"line":60,"column":40}}},"fnMap":{"0":{"name":"getItemsData","decl":{"start":{"line":5,"column":15},"end":{"line":5,"column":27}},"loc":{"start":{"line":5,"column":30},"end":{"line":9,"column":1}},"line":5},"1":{"name":"(anonymous_1)","decl":{"start":{"line":11,"column":21},"end":{"line":11,"column":22}},"loc":{"start":{"line":11,"column":58},"end":{"line":26,"column":1}},"line":11},"2":{"name":"(anonymous_2)","decl":{"start":{"line":28,"column":20},"end":{"line":28,"column":21}},"loc":{"start":{"line":28,"column":37},"end":{"line":31,"column":1}},"line":28},"3":{"name":"likeRobot","decl":{"start":{"line":33,"column":15},"end":{"line":33,"column":24}},"loc":{"start":{"line":33,"column":34},"end":{"line":45,"column":1}},"line":33},"4":{"name":"getLikes","decl":{"start":{"line":47,"column":15},"end":{"line":47,"column":23}},"loc":{"start":{"line":47,"column":26},"end":{"line":64,"column":1}},"line":47},"5":{"name":"(anonymous_5)","decl":{"start":{"line":49,"column":10},"end":{"line":49,"column":11}},"loc":{"start":{"line":49,"column":24},"end":{"line":49,"column":39}},"line":49},"6":{"name":"(anonymous_6)","decl":{"start":{"line":50,"column":10},"end":{"line":50,"column":11}},"loc":{"start":{"line":50,"column":20},"end":{"line":50,"column":24}},"line":50},"7":{"name":"(anonymous_7)","decl":{"start":{"line":55,"column":26},"end":{"line":55,"column":27}},"loc":{"start":{"line":55,"column":39},"end":{"line":63,"column":3}},"line":55},"8":{"name":"(anonymous_8)","decl":{"start":{"line":58,"column":23},"end":{"line":58,"column":24}},"loc":{"start":{"line":58,"column":30},"end":{"line":62,"column":5}},"line":58}},"branchMap":{"0":{"loc":{"start":{"line":59,"column":6},"end":{"line":61,"column":7}},"type":"if","locations":[{"start":{"line":59,"column":6},"end":{"line":61,"column":7}},{"start":{},"end":{}}],"line":59}},"s":{"0":1,"1":1,"2":1,"3":0,"4":0,"5":0,"6":1,"7":0,"8":0,"9":0,"10":1,"11":0,"12":0,"13":0,"14":0,"15":0,"16":0,"17":0,"18":0,"19":0,"20":0,"21":0,"22":0,"23":0,"24":0,"25":0,"26":0},"f":{"0":0,"1":0,"2":0,"3":0,"4":0,"5":0,"6":0,"7":0,"8":0},"b":{"0":[0,0]},"_coverageSchema":"1a1c01bbd47fc00a2c39e90264f33305004495a9","hash":"77dd746c641d0c4f85250c9d07cf61c31ab37bc3"}
}
