TN:
SF:src/api/api.js
FN:5,getItemsData
FN:11,(anonymous_1)
FN:28,(anonymous_2)
FN:33,likeRobot
FN:47,getLikes
FN:49,(anonymous_5)
FN:50,(anonymous_6)
FN:55,(anonymous_7)
FN:58,(anonymous_8)
FNF:9
FNH:0
FNDA:0,getItemsData
FNDA:0,(anonymous_1)
FNDA:0,(anonymous_2)
FNDA:0,likeRobot
FNDA:0,getLikes
FNDA:0,(anonymous_5)
FNDA:0,(anonymous_6)
FNDA:0,(anonymous_7)
FNDA:0,(anonymous_8)
DA:1,1
DA:2,1
DA:3,1
DA:6,0
DA:7,0
DA:8,0
DA:11,1
DA:13,0
DA:24,0
DA:25,0
DA:28,1
DA:29,0
DA:30,0
DA:34,0
DA:43,0
DA:44,0
DA:48,0
DA:49,0
DA:50,0
DA:52,0
DA:53,0
DA:55,0
DA:56,0
DA:57,0
DA:58,0
DA:59,0
DA:60,0
LF:27
LH:5
BRDA:59,0,0,0
BRDA:59,0,1,0
BRF:2
BRH:0
end_of_record
